Using device: cuda
Loading dataset from intern_ship_ws/runs/tdqc_dataset/final_calibrated_3751rollouts.pt...
Processing 3751 episodes...
Loading Episodes:   0%|          | 0/3751 [00:00<?, ?it/s]Loading Episodes:  59%|█████▉    | 2208/3751 [00:00<00:00, 22069.44it/s]Loading Episodes: 100%|██████████| 3751/3751 [00:00<00:00, 17760.08it/s]
/home/redafrix/tests/intern_ship_research/intern_ship_ws/envs/simvla/lib/python3.10/site-packages/torch/optim/lr_scheduler.py:62: UserWarning: The verbose parameter is deprecated. Please use get_last_lr() to access the learning rate.
  warnings.warn(
Loaded 3751 episodes.
Split sizes: 2625 train, 562 val, 564 test.
DEBUG: Splitting dataset...
DEBUG: Creating DataLoaders...
DEBUG: Computing class weights...
DEBUG: total successes=2651, failures=1100
DEBUG: Initializing model...
Resuming from intern_ship_ws/runs/tdqc_calibrator/lstm_td0_fine_tuned/last.pt...
Resuming at epoch 700 with best_val=0.106463
DEBUG: Starting training loop...
epoch=0700 train_loss=0.000773 val_seq_brier=0.106333 best=0.106463
epoch=0701 train_loss=0.000609 val_seq_brier=0.106216 best=0.106333
epoch=0702 train_loss=0.000665 val_seq_brier=0.106439 best=0.106216
epoch=0703 train_loss=0.000629 val_seq_brier=0.106308 best=0.106216
epoch=0704 train_loss=0.000645 val_seq_brier=0.105998 best=0.106216
epoch=0705 train_loss=0.000680 val_seq_brier=0.105314 best=0.105998
epoch=0706 train_loss=0.000706 val_seq_brier=0.105665 best=0.105314
epoch=0707 train_loss=0.000582 val_seq_brier=0.105304 best=0.105314
epoch=0708 train_loss=0.000719 val_seq_brier=0.106419 best=0.105304
epoch=0709 train_loss=0.001075 val_seq_brier=0.107477 best=0.105304
epoch=0710 train_loss=0.001133 val_seq_brier=0.106553 best=0.105304
epoch=0711 train_loss=0.000845 val_seq_brier=0.107873 best=0.105304
epoch=0712 train_loss=0.000632 val_seq_brier=0.107590 best=0.105304
epoch=0713 train_loss=0.000631 val_seq_brier=0.107121 best=0.105304
epoch=0714 train_loss=0.000666 val_seq_brier=0.107134 best=0.105304
epoch=0715 train_loss=0.000701 val_seq_brier=0.107846 best=0.105304
epoch=0716 train_loss=0.000809 val_seq_brier=0.108277 best=0.105304
epoch=0717 train_loss=0.000938 val_seq_brier=0.107116 best=0.105304
epoch=0718 train_loss=0.000634 val_seq_brier=0.107587 best=0.105304
epoch=0719 train_loss=0.000598 val_seq_brier=0.107158 best=0.105304
epoch=0720 train_loss=0.000613 val_seq_brier=0.107172 best=0.105304
epoch=0721 train_loss=0.000594 val_seq_brier=0.107212 best=0.105304
epoch=0722 train_loss=0.000595 val_seq_brier=0.107138 best=0.105304
epoch=0723 train_loss=0.000608 val_seq_brier=0.106929 best=0.105304
epoch=0724 train_loss=0.000619 val_seq_brier=0.106707 best=0.105304
epoch=0725 train_loss=0.000598 val_seq_brier=0.107098 best=0.105304
epoch=0726 train_loss=0.000589 val_seq_brier=0.106643 best=0.105304
epoch=0727 train_loss=0.000597 val_seq_brier=0.106745 best=0.105304
epoch=0728 train_loss=0.000606 val_seq_brier=0.106742 best=0.105304
epoch=0729 train_loss=0.000589 val_seq_brier=0.106811 best=0.105304
epoch=0730 train_loss=0.000626 val_seq_brier=0.106708 best=0.105304
epoch=0731 train_loss=0.000751 val_seq_brier=0.106543 best=0.105304
epoch=0732 train_loss=0.000617 val_seq_brier=0.106495 best=0.105304
epoch=0733 train_loss=0.000587 val_seq_brier=0.106481 best=0.105304
epoch=0734 train_loss=0.000581 val_seq_brier=0.106282 best=0.105304
epoch=0735 train_loss=0.000599 val_seq_brier=0.106030 best=0.105304
epoch=0736 train_loss=0.000602 val_seq_brier=0.106127 best=0.105304
epoch=0737 train_loss=0.000614 val_seq_brier=0.105923 best=0.105304
epoch=0738 train_loss=0.000590 val_seq_brier=0.105720 best=0.105304
epoch=0739 train_loss=0.000596 val_seq_brier=0.105746 best=0.105304
epoch=0740 train_loss=0.000585 val_seq_brier=0.105544 best=0.105304
epoch=0741 train_loss=0.000596 val_seq_brier=0.105535 best=0.105304
epoch=0742 train_loss=0.000592 val_seq_brier=0.105329 best=0.105304
epoch=0743 train_loss=0.000609 val_seq_brier=0.105321 best=0.105304
epoch=0744 train_loss=0.000590 val_seq_brier=0.105335 best=0.105304
epoch=0745 train_loss=0.000588 val_seq_brier=0.105098 best=0.105304
epoch=0746 train_loss=0.000605 val_seq_brier=0.105085 best=0.105098
epoch=0747 train_loss=0.000583 val_seq_brier=0.105012 best=0.105085
epoch=0748 train_loss=0.000586 val_seq_brier=0.105084 best=0.105012
epoch=0749 train_loss=0.000598 val_seq_brier=0.105043 best=0.105012
epoch=0750 train_loss=0.000587 val_seq_brier=0.104839 best=0.105012
epoch=0751 train_loss=0.000580 val_seq_brier=0.104927 best=0.104839
epoch=0752 train_loss=0.000594 val_seq_brier=0.104548 best=0.104839
epoch=0753 train_loss=0.000588 val_seq_brier=0.104633 best=0.104548
epoch=0754 train_loss=0.000579 val_seq_brier=0.104522 best=0.104548
epoch=0755 train_loss=0.000600 val_seq_brier=0.104586 best=0.104522
epoch=0756 train_loss=0.000586 val_seq_brier=0.104592 best=0.104522
epoch=0757 train_loss=0.000578 val_seq_brier=0.104380 best=0.104522
epoch=0758 train_loss=0.000580 val_seq_brier=0.104356 best=0.104380
epoch=0759 train_loss=0.000584 val_seq_brier=0.104234 best=0.104356
epoch=0760 train_loss=0.000575 val_seq_brier=0.104263 best=0.104234
epoch=0761 train_loss=0.000603 val_seq_brier=0.104174 best=0.104234
epoch=0762 train_loss=0.000591 val_seq_brier=0.104226 best=0.104174
epoch=0763 train_loss=0.000619 val_seq_brier=0.104236 best=0.104174
epoch=0764 train_loss=0.000584 val_seq_brier=0.103814 best=0.104174
epoch=0765 train_loss=0.000588 val_seq_brier=0.103981 best=0.103814
epoch=0766 train_loss=0.000629 val_seq_brier=0.103915 best=0.103814
epoch=0767 train_loss=0.000589 val_seq_brier=0.103715 best=0.103814
epoch=0768 train_loss=0.000602 val_seq_brier=0.104004 best=0.103715
epoch=0769 train_loss=0.000571 val_seq_brier=0.103748 best=0.103715
epoch=0770 train_loss=0.000585 val_seq_brier=0.103706 best=0.103715
epoch=0771 train_loss=0.000583 val_seq_brier=0.103492 best=0.103706
epoch=0772 train_loss=0.000585 val_seq_brier=0.103371 best=0.103492
epoch=0773 train_loss=0.000602 val_seq_brier=0.103471 best=0.103371
epoch=0774 train_loss=0.000626 val_seq_brier=0.103481 best=0.103371
epoch=0775 train_loss=0.000611 val_seq_brier=0.103612 best=0.103371
epoch=0776 train_loss=0.000588 val_seq_brier=0.103537 best=0.103371
epoch=0777 train_loss=0.000603 val_seq_brier=0.103441 best=0.103371
epoch=0778 train_loss=0.000639 val_seq_brier=0.103697 best=0.103371
epoch=0779 train_loss=0.000600 val_seq_brier=0.103263 best=0.103371
epoch=0780 train_loss=0.000583 val_seq_brier=0.103444 best=0.103263
epoch=0781 train_loss=0.000572 val_seq_brier=0.103259 best=0.103263
epoch=0782 train_loss=0.000609 val_seq_brier=0.103363 best=0.103259
epoch=0783 train_loss=0.000585 val_seq_brier=0.103353 best=0.103259
epoch=0784 train_loss=0.000594 val_seq_brier=0.103043 best=0.103259
epoch=0785 train_loss=0.000582 val_seq_brier=0.102877 best=0.103043
epoch=0786 train_loss=0.000583 val_seq_brier=0.102921 best=0.102877
epoch=0787 train_loss=0.000595 val_seq_brier=0.102647 best=0.102877
epoch=0788 train_loss=0.000571 val_seq_brier=0.102594 best=0.102647
epoch=0789 train_loss=0.000590 val_seq_brier=0.102434 best=0.102594
epoch=0790 train_loss=0.000583 val_seq_brier=0.102124 best=0.102434
epoch=0791 train_loss=0.000588 val_seq_brier=0.102127 best=0.102124
epoch=0792 train_loss=0.000614 val_seq_brier=0.102348 best=0.102124
epoch=0793 train_loss=0.000658 val_seq_brier=0.102297 best=0.102124
epoch=0794 train_loss=0.000576 val_seq_brier=0.102209 best=0.102124
epoch=0795 train_loss=0.000600 val_seq_brier=0.102255 best=0.102124
epoch=0796 train_loss=0.000585 val_seq_brier=0.102246 best=0.102124
epoch=0797 train_loss=0.000580 val_seq_brier=0.101959 best=0.102124
epoch=0798 train_loss=0.000579 val_seq_brier=0.102112 best=0.101959
epoch=0799 train_loss=0.000575 val_seq_brier=0.102043 best=0.101959
epoch=0800 train_loss=0.000570 val_seq_brier=0.101745 best=0.101959
epoch=0801 train_loss=0.000574 val_seq_brier=0.101857 best=0.101745
epoch=0802 train_loss=0.000624 val_seq_brier=0.102464 best=0.101745
epoch=0803 train_loss=0.000805 val_seq_brier=0.101137 best=0.101745
epoch=0804 train_loss=0.000599 val_seq_brier=0.101524 best=0.101137
epoch=0805 train_loss=0.000605 val_seq_brier=0.101466 best=0.101137
epoch=0806 train_loss=0.000592 val_seq_brier=0.101601 best=0.101137
epoch=0807 train_loss=0.000577 val_seq_brier=0.101388 best=0.101137
epoch=0808 train_loss=0.000610 val_seq_brier=0.101342 best=0.101137
epoch=0809 train_loss=0.000576 val_seq_brier=0.101126 best=0.101137
epoch=0810 train_loss=0.000620 val_seq_brier=0.101097 best=0.101126
epoch=0811 train_loss=0.000587 val_seq_brier=0.100997 best=0.101097
epoch=0812 train_loss=0.000615 val_seq_brier=0.100910 best=0.100997
epoch=0813 train_loss=0.000569 val_seq_brier=0.100907 best=0.100910
epoch=0814 train_loss=0.000637 val_seq_brier=0.100805 best=0.100907
epoch=0815 train_loss=0.000604 val_seq_brier=0.100634 best=0.100805
epoch=0816 train_loss=0.000597 val_seq_brier=0.100582 best=0.100634
epoch=0817 train_loss=0.000591 val_seq_brier=0.100476 best=0.100582
epoch=0818 train_loss=0.000570 val_seq_brier=0.100724 best=0.100476
epoch=0819 train_loss=0.000579 val_seq_brier=0.100510 best=0.100476
epoch=0820 train_loss=0.000588 val_seq_brier=0.100341 best=0.100476
epoch=0821 train_loss=0.000608 val_seq_brier=0.100661 best=0.100341
epoch=0822 train_loss=0.000580 val_seq_brier=0.100591 best=0.100341
epoch=0823 train_loss=0.000656 val_seq_brier=0.100551 best=0.100341
epoch=0824 train_loss=0.000585 val_seq_brier=0.100274 best=0.100341
epoch=0825 train_loss=0.000581 val_seq_brier=0.100260 best=0.100274
epoch=0826 train_loss=0.000636 val_seq_brier=0.100380 best=0.100260
epoch=0827 train_loss=0.000602 val_seq_brier=0.100362 best=0.100260
epoch=0828 train_loss=0.000597 val_seq_brier=0.100064 best=0.100260
epoch=0829 train_loss=0.000674 val_seq_brier=0.100212 best=0.100064
epoch=0830 train_loss=0.000713 val_seq_brier=0.100321 best=0.100064
epoch=0831 train_loss=0.000579 val_seq_brier=0.100181 best=0.100064
epoch=0832 train_loss=0.000575 val_seq_brier=0.100041 best=0.100064
epoch=0833 train_loss=0.000594 val_seq_brier=0.099821 best=0.100041
epoch=0834 train_loss=0.000587 val_seq_brier=0.099873 best=0.099821
epoch=0835 train_loss=0.000616 val_seq_brier=0.099727 best=0.099821
epoch=0836 train_loss=0.000580 val_seq_brier=0.099711 best=0.099727
epoch=0837 train_loss=0.000576 val_seq_brier=0.099676 best=0.099711
epoch=0838 train_loss=0.000613 val_seq_brier=0.099563 best=0.099676
epoch=0839 train_loss=0.000605 val_seq_brier=0.099653 best=0.099563
epoch=0840 train_loss=0.000576 val_seq_brier=0.099614 best=0.099563
epoch=0841 train_loss=0.000578 val_seq_brier=0.099642 best=0.099563
epoch=0842 train_loss=0.000578 val_seq_brier=0.099606 best=0.099563
epoch=0843 train_loss=0.000586 val_seq_brier=0.099403 best=0.099563
epoch=0844 train_loss=0.000572 val_seq_brier=0.099567 best=0.099403
epoch=0845 train_loss=0.000584 val_seq_brier=0.099486 best=0.099403
epoch=0846 train_loss=0.000579 val_seq_brier=0.099627 best=0.099403
epoch=0847 train_loss=0.000607 val_seq_brier=0.099502 best=0.099403
epoch=0848 train_loss=0.000574 val_seq_brier=0.099470 best=0.099403
epoch=0849 train_loss=0.000573 val_seq_brier=0.099608 best=0.099403
epoch=0850 train_loss=0.000582 val_seq_brier=0.099425 best=0.099403
epoch=0851 train_loss=0.000583 val_seq_brier=0.099476 best=0.099403
epoch=0852 train_loss=0.000574 val_seq_brier=0.099385 best=0.099403
epoch=0853 train_loss=0.000587 val_seq_brier=0.099163 best=0.099385
epoch=0854 train_loss=0.000583 val_seq_brier=0.098951 best=0.099163
epoch=0855 train_loss=0.000584 val_seq_brier=0.099020 best=0.098951
epoch=0856 train_loss=0.000598 val_seq_brier=0.098960 best=0.098951
epoch=0857 train_loss=0.000610 val_seq_brier=0.098738 best=0.098951
epoch=0858 train_loss=0.000667 val_seq_brier=0.098664 best=0.098738
epoch=0859 train_loss=0.000606 val_seq_brier=0.098719 best=0.098664
epoch=0860 train_loss=0.000599 val_seq_brier=0.098950 best=0.098664
epoch=0861 train_loss=0.000576 val_seq_brier=0.098510 best=0.098664
epoch=0862 train_loss=0.000618 val_seq_brier=0.098725 best=0.098510
epoch=0863 train_loss=0.000592 val_seq_brier=0.098542 best=0.098510
epoch=0864 train_loss=0.000571 val_seq_brier=0.098550 best=0.098510
epoch=0865 train_loss=0.000569 val_seq_brier=0.098323 best=0.098510
epoch=0866 train_loss=0.000571 val_seq_brier=0.098129 best=0.098323
epoch=0867 train_loss=0.000573 val_seq_brier=0.098604 best=0.098129
epoch=0868 train_loss=0.000574 val_seq_brier=0.098259 best=0.098129
epoch=0869 train_loss=0.000572 val_seq_brier=0.098389 best=0.098129
epoch=0870 train_loss=0.000584 val_seq_brier=0.097992 best=0.098129
epoch=0871 train_loss=0.000579 val_seq_brier=0.098586 best=0.097992
epoch=0872 train_loss=0.000572 val_seq_brier=0.098324 best=0.097992
epoch=0873 train_loss=0.000578 val_seq_brier=0.098204 best=0.097992
epoch=0874 train_loss=0.000576 val_seq_brier=0.098366 best=0.097992
epoch=0875 train_loss=0.000618 val_seq_brier=0.098288 best=0.097992
epoch=0876 train_loss=0.000574 val_seq_brier=0.098169 best=0.097992
epoch=0877 train_loss=0.000575 val_seq_brier=0.098655 best=0.097992
epoch=0878 train_loss=0.000597 val_seq_brier=0.097909 best=0.097992
epoch=0879 train_loss=0.000634 val_seq_brier=0.098522 best=0.097909
epoch=0880 train_loss=0.000596 val_seq_brier=0.098209 best=0.097909
epoch=0881 train_loss=0.000583 val_seq_brier=0.097646 best=0.097909
epoch=0882 train_loss=0.000570 val_seq_brier=0.097977 best=0.097646
epoch=0883 train_loss=0.000599 val_seq_brier=0.097642 best=0.097646
epoch=0884 train_loss=0.000576 val_seq_brier=0.097489 best=0.097642
epoch=0885 train_loss=0.000582 val_seq_brier=0.097380 best=0.097489
epoch=0886 train_loss=0.000655 val_seq_brier=0.097323 best=0.097380
epoch=0887 train_loss=0.000764 val_seq_brier=0.098283 best=0.097323
epoch=0888 train_loss=0.000632 val_seq_brier=0.097500 best=0.097323
epoch=0889 train_loss=0.000569 val_seq_brier=0.097533 best=0.097323
epoch=0890 train_loss=0.000565 val_seq_brier=0.097271 best=0.097323
epoch=0891 train_loss=0.000565 val_seq_brier=0.097374 best=0.097271
epoch=0892 train_loss=0.000614 val_seq_brier=0.096977 best=0.097271
epoch=0893 train_loss=0.000749 val_seq_brier=0.097374 best=0.096977
epoch=0894 train_loss=0.000688 val_seq_brier=0.096786 best=0.096977
epoch=0895 train_loss=0.000590 val_seq_brier=0.097206 best=0.096786
epoch=0896 train_loss=0.000569 val_seq_brier=0.097136 best=0.096786
epoch=0897 train_loss=0.000570 val_seq_brier=0.097040 best=0.096786
epoch=0898 train_loss=0.000570 val_seq_brier=0.097083 best=0.096786
epoch=0899 train_loss=0.000576 val_seq_brier=0.096972 best=0.096786
epoch=0900 train_loss=0.000576 val_seq_brier=0.097057 best=0.096786
epoch=0901 train_loss=0.000579 val_seq_brier=0.096830 best=0.096786
epoch=0902 train_loss=0.000571 val_seq_brier=0.096674 best=0.096786
epoch=0903 train_loss=0.000577 val_seq_brier=0.096689 best=0.096674
epoch=0904 train_loss=0.000568 val_seq_brier=0.096408 best=0.096674
epoch=0905 train_loss=0.000574 val_seq_brier=0.096502 best=0.096408
epoch=0906 train_loss=0.000581 val_seq_brier=0.096320 best=0.096408
epoch=0907 train_loss=0.000583 val_seq_brier=0.096142 best=0.096320
epoch=0908 train_loss=0.000626 val_seq_brier=0.096023 best=0.096142
epoch=0909 train_loss=0.000617 val_seq_brier=0.095994 best=0.096023
epoch=0910 train_loss=0.000606 val_seq_brier=0.095987 best=0.095994
epoch=0911 train_loss=0.000725 val_seq_brier=0.096469 best=0.095987
epoch=0912 train_loss=0.000720 val_seq_brier=0.095775 best=0.095987
epoch=0913 train_loss=0.000737 val_seq_brier=0.095424 best=0.095775
epoch=0914 train_loss=0.000601 val_seq_brier=0.095510 best=0.095424
epoch=0915 train_loss=0.000594 val_seq_brier=0.095507 best=0.095424
epoch=0916 train_loss=0.000594 val_seq_brier=0.095126 best=0.095424
epoch=0917 train_loss=0.000588 val_seq_brier=0.095285 best=0.095126
epoch=0918 train_loss=0.000615 val_seq_brier=0.095238 best=0.095126
epoch=0919 train_loss=0.000595 val_seq_brier=0.095003 best=0.095126
epoch=0920 train_loss=0.000595 val_seq_brier=0.095135 best=0.095003
epoch=0921 train_loss=0.000582 val_seq_brier=0.095143 best=0.095003
epoch=0922 train_loss=0.000589 val_seq_brier=0.095184 best=0.095003
epoch=0923 train_loss=0.000592 val_seq_brier=0.095259 best=0.095003
epoch=0924 train_loss=0.000684 val_seq_brier=0.095149 best=0.095003
epoch=0925 train_loss=0.000599 val_seq_brier=0.094981 best=0.095003
epoch=0926 train_loss=0.000588 val_seq_brier=0.094844 best=0.094981
epoch=0927 train_loss=0.000589 val_seq_brier=0.095131 best=0.094844
epoch=0928 train_loss=0.000595 val_seq_brier=0.094949 best=0.094844
epoch=0929 train_loss=0.000598 val_seq_brier=0.094936 best=0.094844
epoch=0930 train_loss=0.000629 val_seq_brier=0.094630 best=0.094844
epoch=0931 train_loss=0.000604 val_seq_brier=0.094616 best=0.094630
epoch=0932 train_loss=0.000634 val_seq_brier=0.094555 best=0.094616
epoch=0933 train_loss=0.000601 val_seq_brier=0.094452 best=0.094555
epoch=0934 train_loss=0.000606 val_seq_brier=0.094469 best=0.094452
epoch=0935 train_loss=0.000592 val_seq_brier=0.094214 best=0.094452
epoch=0936 train_loss=0.000617 val_seq_brier=0.094351 best=0.094214
epoch=0937 train_loss=0.000627 val_seq_brier=0.094601 best=0.094214
epoch=0938 train_loss=0.000596 val_seq_brier=0.094562 best=0.094214
epoch=0939 train_loss=0.000645 val_seq_brier=0.094531 best=0.094214
epoch=0940 train_loss=0.000593 val_seq_brier=0.094660 best=0.094214
epoch=0941 train_loss=0.000609 val_seq_brier=0.094552 best=0.094214
epoch=0942 train_loss=0.000613 val_seq_brier=0.094419 best=0.094214
epoch=0943 train_loss=0.000648 val_seq_brier=0.094557 best=0.094214
epoch=0944 train_loss=0.000616 val_seq_brier=0.094292 best=0.094214
epoch=0945 train_loss=0.000789 val_seq_brier=0.094814 best=0.094214
epoch=0946 train_loss=0.001071 val_seq_brier=0.094875 best=0.094214
epoch=0947 train_loss=0.000874 val_seq_brier=0.095140 best=0.094214
epoch=0948 train_loss=0.000620 val_seq_brier=0.095002 best=0.094214
epoch=0949 train_loss=0.000630 val_seq_brier=0.095298 best=0.094214
epoch=0950 train_loss=0.000624 val_seq_brier=0.095088 best=0.094214
epoch=0951 train_loss=0.000613 val_seq_brier=0.095143 best=0.094214
epoch=0952 train_loss=0.000594 val_seq_brier=0.095146 best=0.094214
epoch=0953 train_loss=0.000602 val_seq_brier=0.095292 best=0.094214
epoch=0954 train_loss=0.000619 val_seq_brier=0.095249 best=0.094214
epoch=0955 train_loss=0.000597 val_seq_brier=0.095287 best=0.094214
epoch=0956 train_loss=0.000591 val_seq_brier=0.095208 best=0.094214
epoch=0957 train_loss=0.000593 val_seq_brier=0.095073 best=0.094214
epoch=0958 train_loss=0.000605 val_seq_brier=0.095140 best=0.094214
epoch=0959 train_loss=0.000627 val_seq_brier=0.094978 best=0.094214
epoch=0960 train_loss=0.000604 val_seq_brier=0.094977 best=0.094214
epoch=0961 train_loss=0.000606 val_seq_brier=0.094894 best=0.094214
epoch=0962 train_loss=0.000591 val_seq_brier=0.094874 best=0.094214
epoch=0963 train_loss=0.000739 val_seq_brier=0.094953 best=0.094214
epoch=0964 train_loss=0.000594 val_seq_brier=0.094856 best=0.094214
epoch=0965 train_loss=0.000619 val_seq_brier=0.094686 best=0.094214
epoch=0966 train_loss=0.000684 val_seq_brier=0.093977 best=0.094214
epoch=0967 train_loss=0.000608 val_seq_brier=0.093956 best=0.093977
epoch=0968 train_loss=0.000606 val_seq_brier=0.093966 best=0.093956
epoch=0969 train_loss=0.000599 val_seq_brier=0.093909 best=0.093956
epoch=0970 train_loss=0.000594 val_seq_brier=0.093920 best=0.093909
epoch=0971 train_loss=0.000591 val_seq_brier=0.093863 best=0.093909
epoch=0972 train_loss=0.000599 val_seq_brier=0.093771 best=0.093863
epoch=0973 train_loss=0.000626 val_seq_brier=0.093792 best=0.093771
epoch=0974 train_loss=0.000619 val_seq_brier=0.093790 best=0.093771
epoch=0975 train_loss=0.000622 val_seq_brier=0.093816 best=0.093771
epoch=0976 train_loss=0.000615 val_seq_brier=0.093507 best=0.093771
epoch=0977 train_loss=0.000612 val_seq_brier=0.093578 best=0.093507
epoch=0978 train_loss=0.000602 val_seq_brier=0.093329 best=0.093507
epoch=0979 train_loss=0.000597 val_seq_brier=0.093314 best=0.093329
epoch=0980 train_loss=0.000602 val_seq_brier=0.093445 best=0.093314
epoch=0981 train_loss=0.000592 val_seq_brier=0.093270 best=0.093314
epoch=0982 train_loss=0.000616 val_seq_brier=0.093472 best=0.093270
epoch=0983 train_loss=0.000591 val_seq_brier=0.093224 best=0.093270
epoch=0984 train_loss=0.000591 val_seq_brier=0.093199 best=0.093224
epoch=0985 train_loss=0.000583 val_seq_brier=0.093054 best=0.093199
epoch=0986 train_loss=0.000613 val_seq_brier=0.092796 best=0.093054
epoch=0987 train_loss=0.000648 val_seq_brier=0.093700 best=0.092796
epoch=0988 train_loss=0.000590 val_seq_brier=0.092990 best=0.092796
epoch=0989 train_loss=0.000588 val_seq_brier=0.093036 best=0.092796
epoch=0990 train_loss=0.000588 val_seq_brier=0.093034 best=0.092796
epoch=0991 train_loss=0.000585 val_seq_brier=0.093017 best=0.092796
epoch=0992 train_loss=0.000587 val_seq_brier=0.093138 best=0.092796
epoch=0993 train_loss=0.000609 val_seq_brier=0.092841 best=0.092796
epoch=0994 train_loss=0.000656 val_seq_brier=0.093189 best=0.092796
epoch=0995 train_loss=0.000596 val_seq_brier=0.092460 best=0.092796
epoch=0996 train_loss=0.000607 val_seq_brier=0.092505 best=0.092460
epoch=0997 train_loss=0.000591 val_seq_brier=0.092382 best=0.092460
epoch=0998 train_loss=0.000584 val_seq_brier=0.092488 best=0.092382
epoch=0999 train_loss=0.000581 val_seq_brier=0.092305 best=0.092382
Training Done. Best val sequential Brier: 0.092305

--- Final Test Evaluation ---
Final Test Sequential Brier: 0.088106
