Using device: cuda
Loading dataset from intern_ship_ws/runs/tdqc_dataset/final_calibrated_3751rollouts.pt...
Processing 3751 episodes...
Loading Episodes:   0%|          | 0/3751 [00:00<?, ?it/s]Loading Episodes:  59%|█████▉    | 2221/3751 [00:00<00:00, 22195.63it/s]Loading Episodes: 100%|██████████| 3751/3751 [00:00<00:00, 18103.94it/s]
/home/redafrix/tests/intern_ship_research/intern_ship_ws/envs/simvla/lib/python3.10/site-packages/torch/optim/lr_scheduler.py:62: UserWarning: The verbose parameter is deprecated. Please use get_last_lr() to access the learning rate.
  warnings.warn(
Loaded 3751 episodes.
Split sizes: 2625 train, 562 val, 564 test.
DEBUG: Splitting dataset...
DEBUG: Creating DataLoaders...
DEBUG: Computing class weights...
DEBUG: total successes=2651, failures=1100
DEBUG: Initializing model...
Resuming from intern_ship_ws/runs/tdqc_calibrator/lstm_td0/last.pt...
Resuming at epoch 200 with best_val=0.174967
DEBUG: Starting training loop...
epoch=0200 train_loss=0.000548 val_seq_brier=0.174326 best=0.174967
epoch=0201 train_loss=0.000542 val_seq_brier=0.174204 best=0.174326
epoch=0202 train_loss=0.000550 val_seq_brier=0.174132 best=0.174204
epoch=0203 train_loss=0.000543 val_seq_brier=0.173807 best=0.174132
epoch=0204 train_loss=0.000546 val_seq_brier=0.173661 best=0.173807
epoch=0205 train_loss=0.000543 val_seq_brier=0.173103 best=0.173661
epoch=0206 train_loss=0.000547 val_seq_brier=0.173419 best=0.173103
epoch=0207 train_loss=0.000548 val_seq_brier=0.172539 best=0.173103
epoch=0208 train_loss=0.000547 val_seq_brier=0.172916 best=0.172539
epoch=0209 train_loss=0.000560 val_seq_brier=0.172316 best=0.172539
epoch=0210 train_loss=0.000570 val_seq_brier=0.171848 best=0.172316
epoch=0211 train_loss=0.000554 val_seq_brier=0.171438 best=0.171848
epoch=0212 train_loss=0.000554 val_seq_brier=0.171589 best=0.171438
epoch=0213 train_loss=0.000631 val_seq_brier=0.170891 best=0.171438
epoch=0214 train_loss=0.000558 val_seq_brier=0.171034 best=0.170891
epoch=0215 train_loss=0.000582 val_seq_brier=0.170830 best=0.170891
epoch=0216 train_loss=0.000556 val_seq_brier=0.170236 best=0.170830
epoch=0217 train_loss=0.000594 val_seq_brier=0.170070 best=0.170236
epoch=0218 train_loss=0.000557 val_seq_brier=0.169836 best=0.170070
epoch=0219 train_loss=0.000547 val_seq_brier=0.169664 best=0.169836
epoch=0220 train_loss=0.000587 val_seq_brier=0.169273 best=0.169664
epoch=0221 train_loss=0.000565 val_seq_brier=0.168376 best=0.169273
epoch=0222 train_loss=0.000563 val_seq_brier=0.169103 best=0.168376
epoch=0223 train_loss=0.000570 val_seq_brier=0.167829 best=0.168376
epoch=0224 train_loss=0.000555 val_seq_brier=0.167644 best=0.167829
epoch=0225 train_loss=0.000550 val_seq_brier=0.167803 best=0.167644
epoch=0226 train_loss=0.000545 val_seq_brier=0.167192 best=0.167644
epoch=0227 train_loss=0.000552 val_seq_brier=0.167134 best=0.167192
epoch=0228 train_loss=0.000611 val_seq_brier=0.166796 best=0.167134
epoch=0229 train_loss=0.000559 val_seq_brier=0.166690 best=0.166796
epoch=0230 train_loss=0.000576 val_seq_brier=0.166755 best=0.166690
epoch=0231 train_loss=0.000677 val_seq_brier=0.166496 best=0.166690
epoch=0232 train_loss=0.000587 val_seq_brier=0.166218 best=0.166496
epoch=0233 train_loss=0.000558 val_seq_brier=0.166027 best=0.166218
epoch=0234 train_loss=0.000550 val_seq_brier=0.165677 best=0.166027
epoch=0235 train_loss=0.000553 val_seq_brier=0.165522 best=0.165677
epoch=0236 train_loss=0.000560 val_seq_brier=0.165433 best=0.165522
epoch=0237 train_loss=0.000594 val_seq_brier=0.165748 best=0.165433
epoch=0238 train_loss=0.000621 val_seq_brier=0.164471 best=0.165433
epoch=0239 train_loss=0.000820 val_seq_brier=0.165229 best=0.164471
epoch=0240 train_loss=0.000588 val_seq_brier=0.163977 best=0.164471
epoch=0241 train_loss=0.000610 val_seq_brier=0.164200 best=0.163977
epoch=0242 train_loss=0.000556 val_seq_brier=0.163665 best=0.163977
epoch=0243 train_loss=0.000565 val_seq_brier=0.163695 best=0.163665
epoch=0244 train_loss=0.000560 val_seq_brier=0.163666 best=0.163665
epoch=0245 train_loss=0.000565 val_seq_brier=0.163526 best=0.163665
epoch=0246 train_loss=0.000566 val_seq_brier=0.162980 best=0.163526
epoch=0247 train_loss=0.000558 val_seq_brier=0.162663 best=0.162980
epoch=0248 train_loss=0.000560 val_seq_brier=0.162565 best=0.162663
epoch=0249 train_loss=0.000588 val_seq_brier=0.162540 best=0.162565
epoch=0250 train_loss=0.000576 val_seq_brier=0.161911 best=0.162540
epoch=0251 train_loss=0.000555 val_seq_brier=0.162111 best=0.161911
epoch=0252 train_loss=0.000576 val_seq_brier=0.161729 best=0.161911
epoch=0253 train_loss=0.000553 val_seq_brier=0.161624 best=0.161729
epoch=0254 train_loss=0.000553 val_seq_brier=0.161090 best=0.161624
epoch=0255 train_loss=0.000558 val_seq_brier=0.161402 best=0.161090
epoch=0256 train_loss=0.000554 val_seq_brier=0.161160 best=0.161090
epoch=0257 train_loss=0.000545 val_seq_brier=0.160646 best=0.161090
epoch=0258 train_loss=0.000549 val_seq_brier=0.160520 best=0.160646
epoch=0259 train_loss=0.000557 val_seq_brier=0.160229 best=0.160520
epoch=0260 train_loss=0.000552 val_seq_brier=0.160166 best=0.160229
epoch=0261 train_loss=0.000561 val_seq_brier=0.159818 best=0.160166
epoch=0262 train_loss=0.000561 val_seq_brier=0.159651 best=0.159818
epoch=0263 train_loss=0.000554 val_seq_brier=0.159599 best=0.159651
epoch=0264 train_loss=0.000566 val_seq_brier=0.159324 best=0.159599
epoch=0265 train_loss=0.000569 val_seq_brier=0.159295 best=0.159324
epoch=0266 train_loss=0.000581 val_seq_brier=0.159100 best=0.159295
epoch=0267 train_loss=0.000568 val_seq_brier=0.158737 best=0.159100
epoch=0268 train_loss=0.000585 val_seq_brier=0.158627 best=0.158737
epoch=0269 train_loss=0.000559 val_seq_brier=0.158104 best=0.158627
epoch=0270 train_loss=0.000555 val_seq_brier=0.157973 best=0.158104
epoch=0271 train_loss=0.000560 val_seq_brier=0.157468 best=0.157973
epoch=0272 train_loss=0.000561 val_seq_brier=0.157762 best=0.157468
epoch=0273 train_loss=0.000572 val_seq_brier=0.156478 best=0.157468
epoch=0274 train_loss=0.000591 val_seq_brier=0.157534 best=0.156478
epoch=0275 train_loss=0.000945 val_seq_brier=0.156273 best=0.156478
epoch=0276 train_loss=0.000641 val_seq_brier=0.157050 best=0.156273
epoch=0277 train_loss=0.000579 val_seq_brier=0.156701 best=0.156273
epoch=0278 train_loss=0.000595 val_seq_brier=0.156511 best=0.156273
epoch=0279 train_loss=0.000570 val_seq_brier=0.156500 best=0.156273
epoch=0280 train_loss=0.000564 val_seq_brier=0.156198 best=0.156273
epoch=0281 train_loss=0.000561 val_seq_brier=0.155714 best=0.156198
epoch=0282 train_loss=0.000560 val_seq_brier=0.155889 best=0.155714
epoch=0283 train_loss=0.000579 val_seq_brier=0.155542 best=0.155714
epoch=0284 train_loss=0.000583 val_seq_brier=0.155032 best=0.155542
epoch=0285 train_loss=0.000568 val_seq_brier=0.154835 best=0.155032
epoch=0286 train_loss=0.000576 val_seq_brier=0.154747 best=0.154835
epoch=0287 train_loss=0.000582 val_seq_brier=0.154771 best=0.154747
epoch=0288 train_loss=0.000564 val_seq_brier=0.154172 best=0.154747
epoch=0289 train_loss=0.000566 val_seq_brier=0.154239 best=0.154172
epoch=0290 train_loss=0.000561 val_seq_brier=0.153828 best=0.154172
epoch=0291 train_loss=0.000563 val_seq_brier=0.154196 best=0.153828
epoch=0292 train_loss=0.000577 val_seq_brier=0.152985 best=0.153828
epoch=0293 train_loss=0.000622 val_seq_brier=0.153412 best=0.152985
epoch=0294 train_loss=0.000570 val_seq_brier=0.152727 best=0.152985
epoch=0295 train_loss=0.000591 val_seq_brier=0.153030 best=0.152727
epoch=0296 train_loss=0.000639 val_seq_brier=0.153092 best=0.152727
epoch=0297 train_loss=0.000565 val_seq_brier=0.152530 best=0.152727
epoch=0298 train_loss=0.000573 val_seq_brier=0.152177 best=0.152530
epoch=0299 train_loss=0.000573 val_seq_brier=0.151936 best=0.152177
epoch=0300 train_loss=0.000570 val_seq_brier=0.151598 best=0.151936
epoch=0301 train_loss=0.000568 val_seq_brier=0.151477 best=0.151598
epoch=0302 train_loss=0.000574 val_seq_brier=0.151341 best=0.151477
epoch=0303 train_loss=0.000603 val_seq_brier=0.150921 best=0.151341
epoch=0304 train_loss=0.000568 val_seq_brier=0.150647 best=0.150921
epoch=0305 train_loss=0.000563 val_seq_brier=0.150446 best=0.150647
epoch=0306 train_loss=0.000583 val_seq_brier=0.150434 best=0.150446
epoch=0307 train_loss=0.000571 val_seq_brier=0.150735 best=0.150434
epoch=0308 train_loss=0.000730 val_seq_brier=0.150376 best=0.150434
epoch=0309 train_loss=0.000568 val_seq_brier=0.149657 best=0.150376
epoch=0310 train_loss=0.000587 val_seq_brier=0.150268 best=0.149657
epoch=0311 train_loss=0.000566 val_seq_brier=0.148965 best=0.149657
epoch=0312 train_loss=0.000590 val_seq_brier=0.148928 best=0.148965
epoch=0313 train_loss=0.000570 val_seq_brier=0.148596 best=0.148928
epoch=0314 train_loss=0.000577 val_seq_brier=0.148912 best=0.148596
epoch=0315 train_loss=0.000604 val_seq_brier=0.148416 best=0.148596
epoch=0316 train_loss=0.000589 val_seq_brier=0.148618 best=0.148416
epoch=0317 train_loss=0.000607 val_seq_brier=0.148056 best=0.148416
epoch=0318 train_loss=0.000596 val_seq_brier=0.148446 best=0.148056
epoch=0319 train_loss=0.000621 val_seq_brier=0.148651 best=0.148056
epoch=0320 train_loss=0.000576 val_seq_brier=0.148342 best=0.148056
epoch=0321 train_loss=0.000579 val_seq_brier=0.147921 best=0.148056
epoch=0322 train_loss=0.000570 val_seq_brier=0.147886 best=0.147921
epoch=0323 train_loss=0.000617 val_seq_brier=0.147692 best=0.147886
epoch=0324 train_loss=0.000606 val_seq_brier=0.147495 best=0.147692
epoch=0325 train_loss=0.000591 val_seq_brier=0.147526 best=0.147495
epoch=0326 train_loss=0.000594 val_seq_brier=0.147530 best=0.147495
epoch=0327 train_loss=0.000594 val_seq_brier=0.147620 best=0.147495
epoch=0328 train_loss=0.000577 val_seq_brier=0.147014 best=0.147495
epoch=0329 train_loss=0.000605 val_seq_brier=0.146860 best=0.147014
epoch=0330 train_loss=0.000583 val_seq_brier=0.146947 best=0.146860
epoch=0331 train_loss=0.000585 val_seq_brier=0.146782 best=0.146860
epoch=0332 train_loss=0.000574 val_seq_brier=0.146726 best=0.146782
epoch=0333 train_loss=0.000574 val_seq_brier=0.146268 best=0.146726
epoch=0334 train_loss=0.000591 val_seq_brier=0.146080 best=0.146268
epoch=0335 train_loss=0.000606 val_seq_brier=0.145904 best=0.146080
epoch=0336 train_loss=0.000599 val_seq_brier=0.145560 best=0.145904
epoch=0337 train_loss=0.000624 val_seq_brier=0.145071 best=0.145560
epoch=0338 train_loss=0.000608 val_seq_brier=0.146185 best=0.145071
epoch=0339 train_loss=0.000600 val_seq_brier=0.146362 best=0.145071
epoch=0340 train_loss=0.000588 val_seq_brier=0.145299 best=0.145071
epoch=0341 train_loss=0.000572 val_seq_brier=0.145083 best=0.145071
epoch=0342 train_loss=0.000574 val_seq_brier=0.144442 best=0.145071
epoch=0343 train_loss=0.000568 val_seq_brier=0.144518 best=0.144442
epoch=0344 train_loss=0.000570 val_seq_brier=0.144887 best=0.144442
epoch=0345 train_loss=0.000591 val_seq_brier=0.143963 best=0.144442
epoch=0346 train_loss=0.000668 val_seq_brier=0.143824 best=0.143963
epoch=0347 train_loss=0.000618 val_seq_brier=0.143163 best=0.143824
epoch=0348 train_loss=0.000571 val_seq_brier=0.143640 best=0.143163
epoch=0349 train_loss=0.000564 val_seq_brier=0.143544 best=0.143163
epoch=0350 train_loss=0.000565 val_seq_brier=0.143422 best=0.143163
epoch=0351 train_loss=0.000595 val_seq_brier=0.143077 best=0.143163
epoch=0352 train_loss=0.000574 val_seq_brier=0.142638 best=0.143077
epoch=0353 train_loss=0.000571 val_seq_brier=0.142723 best=0.142638
epoch=0354 train_loss=0.000593 val_seq_brier=0.142299 best=0.142638
epoch=0355 train_loss=0.000572 val_seq_brier=0.142772 best=0.142299
epoch=0356 train_loss=0.000609 val_seq_brier=0.142329 best=0.142299
epoch=0357 train_loss=0.000592 val_seq_brier=0.142514 best=0.142299
epoch=0358 train_loss=0.000652 val_seq_brier=0.142745 best=0.142299
epoch=0359 train_loss=0.000624 val_seq_brier=0.141454 best=0.142299
epoch=0360 train_loss=0.000727 val_seq_brier=0.142482 best=0.141454
epoch=0361 train_loss=0.000596 val_seq_brier=0.141727 best=0.141454
epoch=0362 train_loss=0.000582 val_seq_brier=0.141236 best=0.141454
epoch=0363 train_loss=0.000571 val_seq_brier=0.141265 best=0.141236
epoch=0364 train_loss=0.000582 val_seq_brier=0.141109 best=0.141236
epoch=0365 train_loss=0.000568 val_seq_brier=0.141503 best=0.141109
epoch=0366 train_loss=0.000639 val_seq_brier=0.140930 best=0.141109
epoch=0367 train_loss=0.000578 val_seq_brier=0.140617 best=0.140930
epoch=0368 train_loss=0.000585 val_seq_brier=0.140478 best=0.140617
epoch=0369 train_loss=0.000577 val_seq_brier=0.140338 best=0.140478
epoch=0370 train_loss=0.000577 val_seq_brier=0.140177 best=0.140338
epoch=0371 train_loss=0.000577 val_seq_brier=0.139648 best=0.140177
epoch=0372 train_loss=0.000570 val_seq_brier=0.139596 best=0.139648
epoch=0373 train_loss=0.000580 val_seq_brier=0.139061 best=0.139596
epoch=0374 train_loss=0.000578 val_seq_brier=0.139001 best=0.139061
epoch=0375 train_loss=0.000601 val_seq_brier=0.139414 best=0.139001
epoch=0376 train_loss=0.000562 val_seq_brier=0.138511 best=0.139001
epoch=0377 train_loss=0.000574 val_seq_brier=0.138599 best=0.138511
epoch=0378 train_loss=0.000571 val_seq_brier=0.138161 best=0.138511
epoch=0379 train_loss=0.000581 val_seq_brier=0.138047 best=0.138161
epoch=0380 train_loss=0.000571 val_seq_brier=0.137645 best=0.138047
epoch=0381 train_loss=0.000582 val_seq_brier=0.137731 best=0.137645
epoch=0382 train_loss=0.000652 val_seq_brier=0.137229 best=0.137645
epoch=0383 train_loss=0.000622 val_seq_brier=0.136954 best=0.137229
epoch=0384 train_loss=0.000640 val_seq_brier=0.136442 best=0.136954
epoch=0385 train_loss=0.000590 val_seq_brier=0.136478 best=0.136442
epoch=0386 train_loss=0.000587 val_seq_brier=0.136661 best=0.136442
epoch=0387 train_loss=0.000600 val_seq_brier=0.136678 best=0.136442
epoch=0388 train_loss=0.000604 val_seq_brier=0.136350 best=0.136442
epoch=0389 train_loss=0.000570 val_seq_brier=0.136190 best=0.136350
epoch=0390 train_loss=0.000567 val_seq_brier=0.135763 best=0.136190
epoch=0391 train_loss=0.000579 val_seq_brier=0.135881 best=0.135763
epoch=0392 train_loss=0.000608 val_seq_brier=0.134793 best=0.135763
epoch=0393 train_loss=0.000749 val_seq_brier=0.136930 best=0.134793
epoch=0394 train_loss=0.001389 val_seq_brier=0.135196 best=0.134793
epoch=0395 train_loss=0.000634 val_seq_brier=0.135545 best=0.134793
epoch=0396 train_loss=0.000576 val_seq_brier=0.135491 best=0.134793
epoch=0397 train_loss=0.000584 val_seq_brier=0.135233 best=0.134793
epoch=0398 train_loss=0.000676 val_seq_brier=0.135428 best=0.134793
epoch=0399 train_loss=0.000588 val_seq_brier=0.135398 best=0.134793
epoch=0400 train_loss=0.000580 val_seq_brier=0.134884 best=0.134793
epoch=0401 train_loss=0.000574 val_seq_brier=0.135105 best=0.134793
epoch=0402 train_loss=0.000573 val_seq_brier=0.134481 best=0.134793
epoch=0403 train_loss=0.000576 val_seq_brier=0.134460 best=0.134481
epoch=0404 train_loss=0.000569 val_seq_brier=0.134043 best=0.134460
epoch=0405 train_loss=0.000573 val_seq_brier=0.134222 best=0.134043
epoch=0406 train_loss=0.000570 val_seq_brier=0.134087 best=0.134043
epoch=0407 train_loss=0.000574 val_seq_brier=0.133965 best=0.134043
epoch=0408 train_loss=0.000584 val_seq_brier=0.133779 best=0.133965
epoch=0409 train_loss=0.000607 val_seq_brier=0.133806 best=0.133779
epoch=0410 train_loss=0.000589 val_seq_brier=0.134289 best=0.133779
epoch=0411 train_loss=0.000935 val_seq_brier=0.134256 best=0.133779
epoch=0412 train_loss=0.000702 val_seq_brier=0.133309 best=0.133779
epoch=0413 train_loss=0.000682 val_seq_brier=0.133385 best=0.133309
epoch=0414 train_loss=0.000611 val_seq_brier=0.133149 best=0.133309
epoch=0415 train_loss=0.000604 val_seq_brier=0.133380 best=0.133149
epoch=0416 train_loss=0.000590 val_seq_brier=0.132793 best=0.133149
epoch=0417 train_loss=0.000593 val_seq_brier=0.132760 best=0.132793
epoch=0418 train_loss=0.000598 val_seq_brier=0.132921 best=0.132760
epoch=0419 train_loss=0.000599 val_seq_brier=0.132518 best=0.132760
epoch=0420 train_loss=0.000587 val_seq_brier=0.132647 best=0.132518
epoch=0421 train_loss=0.000579 val_seq_brier=0.132228 best=0.132518
epoch=0422 train_loss=0.000578 val_seq_brier=0.132327 best=0.132228
epoch=0423 train_loss=0.000580 val_seq_brier=0.131922 best=0.132228
epoch=0424 train_loss=0.000585 val_seq_brier=0.132061 best=0.131922
epoch=0425 train_loss=0.000590 val_seq_brier=0.132002 best=0.131922
epoch=0426 train_loss=0.000581 val_seq_brier=0.131595 best=0.131922
epoch=0427 train_loss=0.000579 val_seq_brier=0.131699 best=0.131595
epoch=0428 train_loss=0.000585 val_seq_brier=0.131408 best=0.131595
epoch=0429 train_loss=0.000592 val_seq_brier=0.131315 best=0.131408
epoch=0430 train_loss=0.000603 val_seq_brier=0.131496 best=0.131315
epoch=0431 train_loss=0.000591 val_seq_brier=0.130922 best=0.131315
epoch=0432 train_loss=0.000673 val_seq_brier=0.131892 best=0.130922
epoch=0433 train_loss=0.000825 val_seq_brier=0.130368 best=0.130922
epoch=0434 train_loss=0.000653 val_seq_brier=0.130396 best=0.130368
epoch=0435 train_loss=0.000607 val_seq_brier=0.129866 best=0.130368
epoch=0436 train_loss=0.000616 val_seq_brier=0.130337 best=0.129866
epoch=0437 train_loss=0.000634 val_seq_brier=0.130220 best=0.129866
epoch=0438 train_loss=0.000605 val_seq_brier=0.129863 best=0.129866
epoch=0439 train_loss=0.000634 val_seq_brier=0.130279 best=0.129863
epoch=0440 train_loss=0.000588 val_seq_brier=0.129461 best=0.129863
epoch=0441 train_loss=0.000610 val_seq_brier=0.129511 best=0.129461
epoch=0442 train_loss=0.000598 val_seq_brier=0.128740 best=0.129461
epoch=0443 train_loss=0.000600 val_seq_brier=0.128904 best=0.128740
epoch=0444 train_loss=0.000594 val_seq_brier=0.128987 best=0.128740
epoch=0445 train_loss=0.000608 val_seq_brier=0.128387 best=0.128740
epoch=0446 train_loss=0.000593 val_seq_brier=0.128327 best=0.128387
epoch=0447 train_loss=0.000596 val_seq_brier=0.127520 best=0.128327
epoch=0448 train_loss=0.000599 val_seq_brier=0.127395 best=0.127520
epoch=0449 train_loss=0.000627 val_seq_brier=0.127216 best=0.127395
epoch=0450 train_loss=0.000610 val_seq_brier=0.127039 best=0.127216
epoch=0451 train_loss=0.000595 val_seq_brier=0.126949 best=0.127039
epoch=0452 train_loss=0.000804 val_seq_brier=0.127833 best=0.126949
epoch=0453 train_loss=0.000655 val_seq_brier=0.127516 best=0.126949
epoch=0454 train_loss=0.000620 val_seq_brier=0.127326 best=0.126949
epoch=0455 train_loss=0.000598 val_seq_brier=0.127261 best=0.126949
epoch=0456 train_loss=0.000578 val_seq_brier=0.127490 best=0.126949
epoch=0457 train_loss=0.000571 val_seq_brier=0.127546 best=0.126949
epoch=0458 train_loss=0.000584 val_seq_brier=0.127537 best=0.126949
epoch=0459 train_loss=0.000608 val_seq_brier=0.127607 best=0.126949
epoch=0460 train_loss=0.000588 val_seq_brier=0.127566 best=0.126949
epoch=0461 train_loss=0.000600 val_seq_brier=0.127366 best=0.126949
epoch=0462 train_loss=0.000581 val_seq_brier=0.127211 best=0.126949
epoch=0463 train_loss=0.000676 val_seq_brier=0.127407 best=0.126949
epoch=0464 train_loss=0.000591 val_seq_brier=0.126922 best=0.126949
epoch=0465 train_loss=0.000612 val_seq_brier=0.127195 best=0.126922
epoch=0466 train_loss=0.000577 val_seq_brier=0.126580 best=0.126922
epoch=0467 train_loss=0.000591 val_seq_brier=0.126485 best=0.126580
epoch=0468 train_loss=0.000593 val_seq_brier=0.126761 best=0.126485
epoch=0469 train_loss=0.000584 val_seq_brier=0.126297 best=0.126485
epoch=0470 train_loss=0.000620 val_seq_brier=0.126200 best=0.126297
epoch=0471 train_loss=0.000584 val_seq_brier=0.125983 best=0.126200
epoch=0472 train_loss=0.000652 val_seq_brier=0.126268 best=0.125983
epoch=0473 train_loss=0.000631 val_seq_brier=0.125377 best=0.125983
epoch=0474 train_loss=0.001205 val_seq_brier=0.125279 best=0.125377
epoch=0475 train_loss=0.000759 val_seq_brier=0.125892 best=0.125279
epoch=0476 train_loss=0.000593 val_seq_brier=0.125078 best=0.125279
epoch=0477 train_loss=0.000592 val_seq_brier=0.125280 best=0.125078
epoch=0478 train_loss=0.000566 val_seq_brier=0.124922 best=0.125078
epoch=0479 train_loss=0.000569 val_seq_brier=0.124480 best=0.124922
epoch=0480 train_loss=0.000586 val_seq_brier=0.124480 best=0.124480
epoch=0481 train_loss=0.000584 val_seq_brier=0.124833 best=0.124480
epoch=0482 train_loss=0.000592 val_seq_brier=0.124729 best=0.124480
epoch=0483 train_loss=0.000573 val_seq_brier=0.124069 best=0.124480
epoch=0484 train_loss=0.000579 val_seq_brier=0.124293 best=0.124069
epoch=0485 train_loss=0.000583 val_seq_brier=0.124530 best=0.124069
epoch=0486 train_loss=0.000786 val_seq_brier=0.123949 best=0.124069
epoch=0487 train_loss=0.000651 val_seq_brier=0.124143 best=0.123949
epoch=0488 train_loss=0.000572 val_seq_brier=0.123529 best=0.123949
epoch=0489 train_loss=0.000562 val_seq_brier=0.123800 best=0.123529
epoch=0490 train_loss=0.000569 val_seq_brier=0.123462 best=0.123529
epoch=0491 train_loss=0.000570 val_seq_brier=0.123476 best=0.123462
epoch=0492 train_loss=0.000570 val_seq_brier=0.123216 best=0.123462
epoch=0493 train_loss=0.000581 val_seq_brier=0.123517 best=0.123216
epoch=0494 train_loss=0.000627 val_seq_brier=0.123334 best=0.123216
epoch=0495 train_loss=0.000584 val_seq_brier=0.122555 best=0.123216
epoch=0496 train_loss=0.000602 val_seq_brier=0.122830 best=0.122555
epoch=0497 train_loss=0.000583 val_seq_brier=0.122514 best=0.122555
epoch=0498 train_loss=0.000580 val_seq_brier=0.122076 best=0.122514
epoch=0499 train_loss=0.000598 val_seq_brier=0.123572 best=0.122076
epoch=0500 train_loss=0.000586 val_seq_brier=0.123302 best=0.122076
epoch=0501 train_loss=0.000602 val_seq_brier=0.123333 best=0.122076
epoch=0502 train_loss=0.000574 val_seq_brier=0.123082 best=0.122076
epoch=0503 train_loss=0.000573 val_seq_brier=0.123224 best=0.122076
epoch=0504 train_loss=0.000579 val_seq_brier=0.122793 best=0.122076
epoch=0505 train_loss=0.000605 val_seq_brier=0.122952 best=0.122076
epoch=0506 train_loss=0.000592 val_seq_brier=0.122309 best=0.122076
epoch=0507 train_loss=0.000573 val_seq_brier=0.122615 best=0.122076
epoch=0508 train_loss=0.000570 val_seq_brier=0.122480 best=0.122076
epoch=0509 train_loss=0.000597 val_seq_brier=0.122647 best=0.122076
epoch=0510 train_loss=0.000935 val_seq_brier=0.122371 best=0.122076
epoch=0511 train_loss=0.000817 val_seq_brier=0.121908 best=0.122076
epoch=0512 train_loss=0.000675 val_seq_brier=0.122050 best=0.121908
epoch=0513 train_loss=0.000647 val_seq_brier=0.122697 best=0.121908
epoch=0514 train_loss=0.000667 val_seq_brier=0.122213 best=0.121908
epoch=0515 train_loss=0.000599 val_seq_brier=0.121956 best=0.121908
epoch=0516 train_loss=0.000572 val_seq_brier=0.122118 best=0.121908
epoch=0517 train_loss=0.000563 val_seq_brier=0.121423 best=0.121908
epoch=0518 train_loss=0.000564 val_seq_brier=0.121599 best=0.121423
epoch=0519 train_loss=0.000552 val_seq_brier=0.121417 best=0.121423
epoch=0520 train_loss=0.000616 val_seq_brier=0.121600 best=0.121417
epoch=0521 train_loss=0.000585 val_seq_brier=0.121418 best=0.121417
epoch=0522 train_loss=0.000786 val_seq_brier=0.120255 best=0.121417
epoch=0523 train_loss=0.000594 val_seq_brier=0.121101 best=0.120255
epoch=0524 train_loss=0.000559 val_seq_brier=0.121169 best=0.120255
epoch=0525 train_loss=0.000555 val_seq_brier=0.121035 best=0.120255
epoch=0526 train_loss=0.000601 val_seq_brier=0.121121 best=0.120255
epoch=0527 train_loss=0.000625 val_seq_brier=0.120998 best=0.120255
epoch=0528 train_loss=0.000568 val_seq_brier=0.121338 best=0.120255
epoch=0529 train_loss=0.000565 val_seq_brier=0.121085 best=0.120255
epoch=0530 train_loss=0.000629 val_seq_brier=0.121231 best=0.120255
epoch=0531 train_loss=0.000604 val_seq_brier=0.121149 best=0.120255
epoch=0532 train_loss=0.000581 val_seq_brier=0.120939 best=0.120255
epoch=0533 train_loss=0.000639 val_seq_brier=0.119720 best=0.120255
epoch=0534 train_loss=0.000628 val_seq_brier=0.119325 best=0.119720
epoch=0535 train_loss=0.000591 val_seq_brier=0.119099 best=0.119325
epoch=0536 train_loss=0.000587 val_seq_brier=0.119333 best=0.119099
epoch=0537 train_loss=0.000604 val_seq_brier=0.118726 best=0.119099
epoch=0538 train_loss=0.000633 val_seq_brier=0.119002 best=0.118726
epoch=0539 train_loss=0.000585 val_seq_brier=0.118915 best=0.118726
epoch=0540 train_loss=0.000587 val_seq_brier=0.118715 best=0.118726
epoch=0541 train_loss=0.000573 val_seq_brier=0.118905 best=0.118715
epoch=0542 train_loss=0.000565 val_seq_brier=0.118347 best=0.118715
epoch=0543 train_loss=0.000636 val_seq_brier=0.119293 best=0.118347
epoch=0544 train_loss=0.000641 val_seq_brier=0.118407 best=0.118347
epoch=0545 train_loss=0.000595 val_seq_brier=0.117969 best=0.118347
epoch=0546 train_loss=0.000624 val_seq_brier=0.118162 best=0.117969
epoch=0547 train_loss=0.000571 val_seq_brier=0.118113 best=0.117969
epoch=0548 train_loss=0.000592 val_seq_brier=0.118379 best=0.117969
epoch=0549 train_loss=0.000665 val_seq_brier=0.118105 best=0.117969
epoch=0550 train_loss=0.000641 val_seq_brier=0.118586 best=0.117969
epoch=0551 train_loss=0.000651 val_seq_brier=0.119794 best=0.117969
epoch=0552 train_loss=0.000841 val_seq_brier=0.119213 best=0.117969
epoch=0553 train_loss=0.000951 val_seq_brier=0.118340 best=0.117969
epoch=0554 train_loss=0.001554 val_seq_brier=0.119767 best=0.117969
epoch=0555 train_loss=0.001078 val_seq_brier=0.119468 best=0.117969
epoch=0556 train_loss=0.000700 val_seq_brier=0.120296 best=0.117969
epoch=0557 train_loss=0.000602 val_seq_brier=0.120303 best=0.117969
epoch=0558 train_loss=0.000605 val_seq_brier=0.120565 best=0.117969
epoch=0559 train_loss=0.000614 val_seq_brier=0.119769 best=0.117969
epoch=0560 train_loss=0.000594 val_seq_brier=0.120007 best=0.117969
epoch=0561 train_loss=0.000573 val_seq_brier=0.119421 best=0.117969
epoch=0562 train_loss=0.000579 val_seq_brier=0.119322 best=0.117969
epoch=0563 train_loss=0.000618 val_seq_brier=0.119346 best=0.117969
epoch=0564 train_loss=0.000614 val_seq_brier=0.118929 best=0.117969
epoch=0565 train_loss=0.000576 val_seq_brier=0.118841 best=0.117969
epoch=0566 train_loss=0.000580 val_seq_brier=0.118724 best=0.117969
epoch=0567 train_loss=0.000570 val_seq_brier=0.118673 best=0.117969
epoch=0568 train_loss=0.000582 val_seq_brier=0.118771 best=0.117969
epoch=0569 train_loss=0.000589 val_seq_brier=0.118543 best=0.117969
epoch=0570 train_loss=0.000569 val_seq_brier=0.118739 best=0.117969
epoch=0571 train_loss=0.000572 val_seq_brier=0.118562 best=0.117969
epoch=0572 train_loss=0.000575 val_seq_brier=0.118448 best=0.117969
epoch=0573 train_loss=0.000567 val_seq_brier=0.118320 best=0.117969
epoch=0574 train_loss=0.000575 val_seq_brier=0.118392 best=0.117969
epoch=0575 train_loss=0.000569 val_seq_brier=0.118439 best=0.117969
epoch=0576 train_loss=0.000563 val_seq_brier=0.118108 best=0.117969
epoch=0577 train_loss=0.000599 val_seq_brier=0.118077 best=0.117969
epoch=0578 train_loss=0.000568 val_seq_brier=0.117793 best=0.117969
epoch=0579 train_loss=0.000574 val_seq_brier=0.117898 best=0.117793
epoch=0580 train_loss=0.000610 val_seq_brier=0.117860 best=0.117793
epoch=0581 train_loss=0.000582 val_seq_brier=0.117658 best=0.117793
epoch=0582 train_loss=0.000562 val_seq_brier=0.117535 best=0.117658
epoch=0583 train_loss=0.000565 val_seq_brier=0.117350 best=0.117535
epoch=0584 train_loss=0.000585 val_seq_brier=0.117380 best=0.117350
epoch=0585 train_loss=0.000569 val_seq_brier=0.117101 best=0.117350
epoch=0586 train_loss=0.000570 val_seq_brier=0.117085 best=0.117101
epoch=0587 train_loss=0.000569 val_seq_brier=0.117059 best=0.117085
epoch=0588 train_loss=0.000570 val_seq_brier=0.116765 best=0.117059
epoch=0589 train_loss=0.000568 val_seq_brier=0.116814 best=0.116765
epoch=0590 train_loss=0.000568 val_seq_brier=0.116516 best=0.116765
epoch=0591 train_loss=0.000570 val_seq_brier=0.116614 best=0.116516
epoch=0592 train_loss=0.000598 val_seq_brier=0.116560 best=0.116516
epoch=0593 train_loss=0.000567 val_seq_brier=0.116504 best=0.116516
epoch=0594 train_loss=0.000561 val_seq_brier=0.116503 best=0.116504
epoch=0595 train_loss=0.000576 val_seq_brier=0.116154 best=0.116503
epoch=0596 train_loss=0.000613 val_seq_brier=0.116381 best=0.116154
epoch=0597 train_loss=0.000567 val_seq_brier=0.116019 best=0.116154
epoch=0598 train_loss=0.000570 val_seq_brier=0.116119 best=0.116019
epoch=0599 train_loss=0.000570 val_seq_brier=0.116064 best=0.116019
epoch=0600 train_loss=0.000567 val_seq_brier=0.115874 best=0.116019
epoch=0601 train_loss=0.000592 val_seq_brier=0.115808 best=0.115874
epoch=0602 train_loss=0.000565 val_seq_brier=0.115508 best=0.115808
epoch=0603 train_loss=0.000565 val_seq_brier=0.115334 best=0.115508
epoch=0604 train_loss=0.000575 val_seq_brier=0.115124 best=0.115334
epoch=0605 train_loss=0.000575 val_seq_brier=0.115248 best=0.115124
epoch=0606 train_loss=0.000574 val_seq_brier=0.115139 best=0.115124
epoch=0607 train_loss=0.000567 val_seq_brier=0.114889 best=0.115124
epoch=0608 train_loss=0.000592 val_seq_brier=0.114875 best=0.114889
epoch=0609 train_loss=0.000573 val_seq_brier=0.114671 best=0.114875
epoch=0610 train_loss=0.000567 val_seq_brier=0.114596 best=0.114671
epoch=0611 train_loss=0.000562 val_seq_brier=0.114530 best=0.114596
epoch=0612 train_loss=0.000570 val_seq_brier=0.114345 best=0.114530
epoch=0613 train_loss=0.000586 val_seq_brier=0.114353 best=0.114345
epoch=0614 train_loss=0.000571 val_seq_brier=0.114104 best=0.114345
epoch=0615 train_loss=0.000627 val_seq_brier=0.114231 best=0.114104
epoch=0616 train_loss=0.000655 val_seq_brier=0.113780 best=0.114104
epoch=0617 train_loss=0.000579 val_seq_brier=0.113954 best=0.113780
epoch=0618 train_loss=0.000577 val_seq_brier=0.113840 best=0.113780
epoch=0619 train_loss=0.000597 val_seq_brier=0.113741 best=0.113780
epoch=0620 train_loss=0.000701 val_seq_brier=0.114008 best=0.113741
epoch=0621 train_loss=0.000695 val_seq_brier=0.113280 best=0.113741
epoch=0622 train_loss=0.000622 val_seq_brier=0.113209 best=0.113280
epoch=0623 train_loss=0.000608 val_seq_brier=0.113152 best=0.113209
epoch=0624 train_loss=0.000576 val_seq_brier=0.112997 best=0.113152
epoch=0625 train_loss=0.000596 val_seq_brier=0.113014 best=0.112997
epoch=0626 train_loss=0.000590 val_seq_brier=0.112892 best=0.112997
epoch=0627 train_loss=0.000601 val_seq_brier=0.112677 best=0.112892
epoch=0628 train_loss=0.000571 val_seq_brier=0.112359 best=0.112677
epoch=0629 train_loss=0.000564 val_seq_brier=0.112469 best=0.112359
epoch=0630 train_loss=0.000563 val_seq_brier=0.112294 best=0.112359
epoch=0631 train_loss=0.000570 val_seq_brier=0.112193 best=0.112294
epoch=0632 train_loss=0.000572 val_seq_brier=0.112134 best=0.112193
epoch=0633 train_loss=0.000565 val_seq_brier=0.111929 best=0.112134
epoch=0634 train_loss=0.000562 val_seq_brier=0.111891 best=0.111929
epoch=0635 train_loss=0.000560 val_seq_brier=0.111670 best=0.111891
epoch=0636 train_loss=0.000567 val_seq_brier=0.111649 best=0.111670
epoch=0637 train_loss=0.000566 val_seq_brier=0.111881 best=0.111649
epoch=0638 train_loss=0.000616 val_seq_brier=0.111650 best=0.111649
epoch=0639 train_loss=0.000564 val_seq_brier=0.111546 best=0.111649
epoch=0640 train_loss=0.000563 val_seq_brier=0.111415 best=0.111546
epoch=0641 train_loss=0.000559 val_seq_brier=0.111422 best=0.111415
epoch=0642 train_loss=0.000561 val_seq_brier=0.111310 best=0.111415
epoch=0643 train_loss=0.000610 val_seq_brier=0.111300 best=0.111310
epoch=0644 train_loss=0.000563 val_seq_brier=0.111227 best=0.111300
epoch=0645 train_loss=0.000740 val_seq_brier=0.111288 best=0.111227
epoch=0646 train_loss=0.000706 val_seq_brier=0.111326 best=0.111227
epoch=0647 train_loss=0.000610 val_seq_brier=0.110783 best=0.111227
epoch=0648 train_loss=0.000562 val_seq_brier=0.110807 best=0.110783
epoch=0649 train_loss=0.000561 val_seq_brier=0.110802 best=0.110783
epoch=0650 train_loss=0.000582 val_seq_brier=0.110586 best=0.110783
epoch=0651 train_loss=0.000582 val_seq_brier=0.110709 best=0.110586
epoch=0652 train_loss=0.000598 val_seq_brier=0.110429 best=0.110586
epoch=0653 train_loss=0.000580 val_seq_brier=0.110497 best=0.110429
epoch=0654 train_loss=0.000562 val_seq_brier=0.110229 best=0.110429
epoch=0655 train_loss=0.000564 val_seq_brier=0.110190 best=0.110229
epoch=0656 train_loss=0.000602 val_seq_brier=0.110270 best=0.110190
epoch=0657 train_loss=0.000580 val_seq_brier=0.110206 best=0.110190
epoch=0658 train_loss=0.000684 val_seq_brier=0.110162 best=0.110190
epoch=0659 train_loss=0.000588 val_seq_brier=0.109833 best=0.110162
epoch=0660 train_loss=0.000566 val_seq_brier=0.109914 best=0.109833
epoch=0661 train_loss=0.000559 val_seq_brier=0.109776 best=0.109833
epoch=0662 train_loss=0.000569 val_seq_brier=0.109597 best=0.109776
epoch=0663 train_loss=0.000567 val_seq_brier=0.109714 best=0.109597
epoch=0664 train_loss=0.000563 val_seq_brier=0.109395 best=0.109597
epoch=0665 train_loss=0.000588 val_seq_brier=0.109469 best=0.109395
epoch=0666 train_loss=0.000647 val_seq_brier=0.109211 best=0.109395
epoch=0667 train_loss=0.000578 val_seq_brier=0.109064 best=0.109211
epoch=0668 train_loss=0.000593 val_seq_brier=0.109100 best=0.109064
epoch=0669 train_loss=0.000613 val_seq_brier=0.109166 best=0.109064
epoch=0670 train_loss=0.000664 val_seq_brier=0.109148 best=0.109064
epoch=0671 train_loss=0.000566 val_seq_brier=0.108674 best=0.109064
epoch=0672 train_loss=0.000559 val_seq_brier=0.108679 best=0.108674
epoch=0673 train_loss=0.000670 val_seq_brier=0.108551 best=0.108674
epoch=0674 train_loss=0.000580 val_seq_brier=0.108393 best=0.108551
epoch=0675 train_loss=0.000568 val_seq_brier=0.108508 best=0.108393
epoch=0676 train_loss=0.000564 val_seq_brier=0.108398 best=0.108393
epoch=0677 train_loss=0.000567 val_seq_brier=0.108490 best=0.108393
epoch=0678 train_loss=0.000568 val_seq_brier=0.108203 best=0.108393
epoch=0679 train_loss=0.000564 val_seq_brier=0.108131 best=0.108203
epoch=0680 train_loss=0.000554 val_seq_brier=0.108257 best=0.108131
epoch=0681 train_loss=0.000561 val_seq_brier=0.108064 best=0.108131
epoch=0682 train_loss=0.000557 val_seq_brier=0.107998 best=0.108064
epoch=0683 train_loss=0.000580 val_seq_brier=0.107862 best=0.107998
epoch=0684 train_loss=0.000579 val_seq_brier=0.107914 best=0.107862
epoch=0685 train_loss=0.000566 val_seq_brier=0.107525 best=0.107862
epoch=0686 train_loss=0.000579 val_seq_brier=0.107658 best=0.107525
epoch=0687 train_loss=0.000565 val_seq_brier=0.107594 best=0.107525
epoch=0688 train_loss=0.000569 val_seq_brier=0.107459 best=0.107525
epoch=0689 train_loss=0.000561 val_seq_brier=0.107392 best=0.107459
epoch=0690 train_loss=0.000560 val_seq_brier=0.107272 best=0.107392
epoch=0691 train_loss=0.000566 val_seq_brier=0.107119 best=0.107272
epoch=0692 train_loss=0.000589 val_seq_brier=0.107103 best=0.107119
epoch=0693 train_loss=0.000564 val_seq_brier=0.106947 best=0.107103
epoch=0694 train_loss=0.000617 val_seq_brier=0.107004 best=0.106947
epoch=0695 train_loss=0.000570 val_seq_brier=0.106752 best=0.106947
epoch=0696 train_loss=0.000570 val_seq_brier=0.106904 best=0.106752
epoch=0697 train_loss=0.000569 val_seq_brier=0.106630 best=0.106752
epoch=0698 train_loss=0.000569 val_seq_brier=0.106607 best=0.106630
epoch=0699 train_loss=0.000582 val_seq_brier=0.106463 best=0.106607
Training Done. Best val sequential Brier: 0.106463

--- Final Test Evaluation ---
Final Test Sequential Brier: 0.099551
